
> backend@1.0.0 start
> node src/index.js

[dotenv@17.2.3] injecting env (2) from .env -- tip: 👥 sync secrets across teammates & machines: https://dotenvx.com/ops
[dotenv@17.2.3] injecting env (0) from .env -- tip: ⚙️  specify custom .env file path with { path: '/custom/path/.env' }
Server running on port 3000
Connected to MongoDB
[0mGET /api/health [32m200[0m 10.149 ms - 265[0m
[0mGET /api/health [32m200[0m 1.363 ms - 265[0m
[0mGET /api/plans [36m304[0m 40.771 ms - -[0m
[0mGET /api/experiments [32m200[0m 28.754 ms - 17921[0m
[0mGET /api/health [32m200[0m 0.681 ms - 265[0m
[0mGET /api/health [32m200[0m 1.034 ms - 266[0m
[0mGET /api/experiments [36m304[0m 25.840 ms - -[0m
[0mGET /api/plans [36m304[0m 25.066 ms - -[0m
[0mGET /api/health [32m200[0m 0.928 ms - 266[0m
[0mGET /api/health [32m200[0m 2.064 ms - 266[0m
[0mGET /api/health [32m200[0m 0.818 ms - 266[0m
[0mGET /api/health [32m200[0m 0.401 ms - 266[0m
[0mGET /api/plans [36m304[0m 5.547 ms - -[0m
[0mGET /api/experiments [36m304[0m 15.034 ms - -[0m
[0mGET /api/health [32m200[0m 0.473 ms - 265[0m
